======================================================
Start Time  : Tue Sep 16 02:47:40 PM EDT 2025
Submit Dir  : /users/hwest10/ICU-simulator
Job ID/Name : 6945522 / my-first-cluster-run
Node List   : str-c24
Num Tasks   : 25 total [1 nodes @ 25 CPUs/node]
Num GPUs    :  
======================================================

Resources:-----------------
Budget:  2600000.0 
HCP salary:  300000.0 
Bed cost:  125000.0 
\% Constant costs:  0.35 
\% Nursing staff costs:  0.27
Rates:-----------------
Lambda:  9.5 
mu (baseline):  0.29411764705882354 
mu (COVID):  0.125 
\Reneging:  0.05 
\HCP infection rate per patient:  0.008 
HCP recovery:  0.11764705882352941
Proportions:-----------------
\% Critical condition:  0.00102 
Coverage ratio (HCP:Patients):  0.10526315789473684
SEIR Parameters:-----------------
beta:  3.3e-06 
gamma:  0.1923076923076923 
alpha:  0.125 
Population size:  100000
Total sample paths per scenario:  25
529.48 
 45.99227761266015 
 402.6 
 28.121166405396487 
 932.08 
 56.22164707654873

======================================================
End Time   : Tue Sep 16 02:48:28 PM EDT 2025
======================================================
