======================================================
Start Time  : Thu Aug 21 12:41:01 PM EDT 2025
Submit Dir  : /users/hwest10/ICU-simulator
Job ID/Name : 6048292 / my-first-cluster-run
Node List   : str-c141
Num Tasks   : 3 total [1 nodes @ 3 CPUs/node]
Num GPUs    :  
======================================================

Mortality Averages
[0. 0. 0. 0. 0. 0. 0. 0. 0. 0. 0. 0. 0. 0. 0. 0. 0. 0. 0. 0. 0. 0.]
[   0.    1537.562 1566.292 1556.659 1546.857 1542.97  1580.657 1579.981
 1528.267 1573.39  1593.839 1548.716 1578.629 1591.473 1515.423 1583.023
 1548.209 1567.306 1559.87  1566.123 1540.097 1566.799]
[   0.    1505.114 1519.817 1503.593 1537.562 1532.323 1515.93  1527.084
 1510.184 1517.113 1500.889 1517.62  1525.225 1535.872 1506.128 1506.297
 1524.38  1497.509 1495.481 1497.34  1538.407 1502.41 ]
[   0.    1469.962 1478.412 1429.909 1461.174 1465.906 1476.046 1486.186
 1456.442 1435.655 1478.074 1480.947 1436.669 1480.102 1482.299 1509.677
 1479.933 1462.357 1447.992 1452.555 1493.284 1465.23 ]
[   0.    1425.346 1436.331 1407.432 1426.36  1418.924 1406.418 1409.46
 1421.121 1420.276 1430.923 1430.078 1446.64  1422.811 1413.516 1429.233
 1407.432 1421.628 1414.699 1431.43  1414.023 1402.869]
[   0.    1364.337 1373.294 1338.649 1357.915 1355.211 1380.223 1367.717
 1344.902 1374.646 1359.267 1357.07  1387.659 1366.365 1343.719 1369.069
 1370.252 1372.449 1345.747 1364.675 1354.535 1384.448]
[   0.    1326.65  1328.34  1344.733 1310.764 1339.494 1303.666 1360.112
 1314.144 1330.199 1309.243 1310.426 1353.859 1334.086 1346.423 1329.354
 1296.399 1292.005 1302.314 1320.059 1318.2   1317.862]
[   0.    1306.708 1266.824 1263.782 1294.878 1248.403 1286.935 1289.639
 1260.909 1311.609 1269.528 1257.022 1252.29  1254.487 1258.881 1252.121
 1269.528 1264.627 1287.104 1253.473 1280.682 1269.528]
[   0.    1251.276 1250.262 1187.225 1220.011 1250.431 1228.123 1235.052
 1233.7   1226.94  1224.067 1257.022 1205.815 1204.97  1226.94  1226.94
 1214.772 1221.025 1220.011 1243.84  1223.56  1200.745]
[   0.    1179.451 1152.411 1163.903 1185.535 1167.79  1187.563 1194.83
 1168.804 1205.646 1142.44  1142.778 1161.368 1217.983 1203.618 1181.31
 1179.451 1210.04  1191.788 1193.14  1172.184 1168.466]
[   0.    1171.001 1127.906 1129.765 1133.99  1123.512 1143.623 1164.917
 1165.255 1113.034 1126.047 1127.906 1125.878 1147.003 1162.551 1097.486
 1177.254 1135.342 1136.018 1079.741 1153.425 1132.131]
[   0.    1155.115 1092.247 1074.333 1094.782 1102.387 1063.179 1070.277
 1072.474 1103.908 1085.825 1076.023 1091.402 1102.556 1045.941 1085.487
 1082.952 1102.894 1084.135 1047.462 1063.686 1066.728]
[   0.    1196.351 1054.898 1036.308 1023.464 1033.942  999.128 1060.644
 1027.689 1037.322 1030.393 1022.957 1034.618 1008.761 1031.238 1017.718
 1047.8   1004.367 1021.774 1032.421 1035.97  1023.633]
[   0.    1210.547  999.466 1022.45   997.945 1010.62   995.579  975.975
 1005.719 1019.239  989.664  947.752  987.636  964.652 1002.17   975.13
  901.615 1027.351  999.466  976.651  966.004 1008.423]
[   0.    1196.858  968.201  926.12   926.289  957.385  946.062  957.385
  940.316  903.643  932.373  910.741  938.457  980.2    923.078  923.416
  964.314  901.784  928.824  949.442  935.077  948.259]
[   0.    1142.44   925.951  890.63   907.361  887.588  880.997  858.182
  860.548  881.166  864.266  903.474  881.842  886.574  893.503  885.729
  873.054  900.601  911.248  922.064  877.617  886.405]
[   0.    1221.194  882.349  858.689  853.45   817.96   840.099  825.227
  806.806  860.379  818.467  827.593  861.055  829.283  816.439  878.631
  848.887  839.592  826.241  840.268  872.885  859.703]
[   0.    1195.337  854.126  803.257  743.769  805.792  807.144  810.017
  768.95   791.089  792.441  781.963  787.54   821.509  802.581  788.723
  798.187  799.032  791.596  784.498  751.205  802.75 ]
[   0.    1219.673  852.098  763.035  765.063  782.639  759.148  764.218
  761.514  770.809  768.443  734.136  721.968  752.557  773.851  773.344
  768.274  725.01   706.927  772.499  738.868  739.544]
[   0.    1206.66   766.077  705.406  717.067  697.463  710.476  714.701
  757.796  689.858  728.728  708.786  745.797  657.917  712.166  682.76
  670.761  673.465  671.437  698.308  712.673  664.001]
[   0.    1204.294  766.415  677.521  670.085  641.186  671.775  691.717
  648.284  653.861  643.214  640.51   655.044  670.93   677.183  672.958
  625.807  677.859  622.258  679.042  648.791  651.495]
[   0.    1174.55   771.316  646.256  626.145  617.695  616.174  636.792
  601.809  590.317  617.864  611.442  584.402  601.133  591.331  610.597
  626.483  587.444  611.78   607.217  579.163  585.416]
[   0.    1205.308  798.018  617.357  590.317  584.571  599.95   577.135
  570.544  534.547  564.46   595.894  584.571  551.954  562.263  569.53
  579.332  568.516  577.304  580.008  566.826  574.093]
[   0.    1179.282  752.557  627.159  500.409  524.238  543.166  524.069
  565.474  477.594  517.647  501.592  569.868  542.659  538.603  542.49
  550.602  529.477  544.856  547.053  535.561  547.729]
[   0.    1198.886  744.107  575.952  517.647  526.773  465.088  518.492
  489.086  467.454  501.423  490.607  503.62   492.297  501.93   490.945
  526.604  484.692  517.478  504.127  492.804  468.975]
[   0.    1170.156  734.474  560.066  518.83   505.141  482.833  492.297
  476.918  500.916  458.328  443.287  435.851  453.258  477.256  456.469
  498.043  497.367  489.931  489.762  459.511  483.847]
[   0.    1207.167  754.078  525.083  452.92   448.695  459.849  454.779
  475.397  447.512  425.204  476.918  447.681  476.073  456.3    470.327
  444.301  438.893  450.723  479.115  441.259  448.864]
[   0.    1241.812  742.755  520.013  472.017  429.936  407.966  440.245
  428.753  429.767  437.034  445.315  419.965  434.499  434.33   419.12
  428.246  442.949  442.611  468.806  447.681  400.023]
[   0.    1205.984  741.065  503.113  501.761  424.866  431.119  437.372
  406.783  405.6    405.093  413.374  415.571  443.118  428.922  404.755
  434.33   399.516  402.22   400.699  422.838  399.009]
[   0.    1199.562  801.229  509.028  464.243  431.795  379.574  380.757
  391.573  401.713  403.065  401.544  401.544  422.669  396.136  422.162
  374.335  383.968  409.149  399.178  391.235  407.797]
[   0.    1241.474  770.978  534.04   449.878  419.289  382.109  366.223
  385.658  389.883  382.278  396.981  402.22   393.432  393.601  405.262
  397.995  407.628  379.067  349.999  384.813  358.618]
[   0.    1222.884  779.09   521.196  438.386  436.527  396.136  399.854
  368.758  379.236  402.389  351.689  359.97   342.056  361.66   370.279
  386.841  397.826  399.009  385.151  396.981  342.563]
[   0.    1177.592  730.08   489.593  473.369  430.105  388.193  386.672
  350.168  361.322  356.928  372.307  353.717  376.701  374.673  372.138
  340.873  367.744  393.77   349.999  358.956  360.815]
[   0.    1221.701  744.107  552.968  454.103  397.826  371.969  359.463
  382.278  323.973  369.434  331.24   391.742  350.675  347.126  359.125
  340.873  363.012  342.225  346.788  339.859  360.308]
[   0.    1216.8    713.856  567.333  424.866  363.519  349.661  376.363
  367.744  329.212  340.535  355.576  338.169  343.239  350.844  344.591
  331.24   331.409  333.944  329.212  343.408  322.283]
[   0.    1184.014  783.653  509.704  430.95   397.15   355.238  348.985
  344.591  329.55   351.689  332.592  333.606  349.83   360.308  320.255
  354.393  338.338  364.533  337.493  307.411  323.466]
[   0.    1223.391  716.898  520.858  435.682  376.532  361.998  306.397
  349.492  343.07   338.     332.761  341.549  330.733  340.197  325.156
  354.055  349.492  307.749  315.523  318.227  306.228]
[   0.    1185.197  783.653  520.013  439.738  366.561  341.549  327.522
  313.157  331.747  308.087  305.89   327.184  313.157  302.003  302.848
  306.397  310.453  330.902  335.127  317.044  302.341]
[   0.    1161.537  769.964  523.055  437.203  366.899  347.633  327.86
  327.691  294.229  299.468  310.622  318.565  321.945  332.93   296.426
  327.522  307.749  314.002  328.874  311.636  324.142]
[   0.    1205.984  813.397  505.817  439.062  379.743  296.933  311.467
  295.412  295.75   299.13   306.904  300.989  299.637  333.775  304.369
  306.059  293.384  298.792  295.919  304.2    288.483]
[   0.    1223.391  768.781  526.773  439.569  383.968  351.182  320.762
  316.537  274.118  285.948  277.16   292.708  284.427  309.101  297.102
  305.721  294.398  300.651  301.327  286.455  291.356]
[   0.    1194.999  794.469  546.208  450.047  362.167  334.62   281.892
  315.354  309.101  295.412  276.146  284.258  279.526  285.61   304.369
  278.005  295.412  272.428  289.328  280.202  269.555]
[   0.    1208.012  780.104  545.701  433.147  375.518  339.521  311.298
  286.455  265.668  288.314  292.877  274.118  276.484  282.737  278.005
  278.85   284.427  260.26   281.892  277.498  275.47 ]
[   0.    1204.97   792.948  551.109  414.219  371.124  311.467  302.848
  294.736  287.3    271.583  273.611  246.402  281.385  264.147  270.569
  240.487  272.766  262.626  303.355  292.201  261.612]
[   0.    1172.184  731.601  545.701  405.769  383.292  359.801  316.368
  284.089  280.878  276.822  246.064  255.359  284.427  237.952  271.752
  257.218  270.062  250.458  275.977  254.683  270.738]
Mortality standard deviations
[0. 0. 0. 0. 0. 0. 0. 0. 0. 0. 0. 0. 0. 0. 0. 0. 0. 0. 0. 0. 0. 0.]
[ 0.         31.00125239 13.23605583 10.7974998   8.24816962  5.71109989
 29.45064427 23.18689854 13.38411715 17.18988383 23.65517094 22.7202886
 44.10090539 33.80591448 30.43126458 13.85593887 13.10594728 16.99437648
 23.20167511 22.86939072 17.16993425 17.22971369]
[ 0.         30.90713843 22.46619665 13.88682368 30.35608842  6.21405439
 25.47475303 32.32365236 28.99322942 29.62180011 26.04464916 29.41571104
 36.30000408  6.74307882 36.79933768 14.7698652  38.91552986  9.85140995
 20.21793837 12.64680197 21.51151603  5.32282932]
[ 0.         40.57971188 11.02263553 14.34211707 25.25178976 14.49070295
 15.77594859 18.12165495 29.72863239 42.32631907 12.07138029 17.21312912
  2.69341679 10.5486329   8.22042128 19.47977017 28.14040309 21.04440225
 30.01451419 16.35549834 11.38463078 11.91899383]
[ 0.         34.02654578 22.50684109 33.70946375  9.33333006  7.13812468
 30.13417386 15.41702442 24.7583558  25.38827777 21.13378617 33.12831094
 20.55001085 21.43570311 12.06191253 15.81211542 31.81871034 33.90461809
 20.68300409 22.24004042 26.30869199 16.41824345]
[ 0.         20.22923647 33.62378063 14.35406054 42.52021192 17.30249699
 35.86544741 12.78828706 30.96253423 25.14751801 18.60075144 30.60346895
 10.56216199 18.03951313 10.35185355  9.62261721 26.20862549 21.22144783
 27.72733305 43.46882375  6.8814343  43.27918093]
[ 0.         34.37976765  7.93040491 41.89496025 19.23187328 19.09176477
 20.786313   24.30194145 18.31292609 25.24952756 13.60633683 16.91857979
 15.6560053  26.30326337 14.30622683 13.99540417 11.94054069 38.06291221
  7.36266107 14.63778064 14.91993412 21.44769139]
[ 0.         33.34743013 25.4590521  25.25631355  9.32108159 19.92337266
 31.74951864  4.5598693  31.83217174 33.52595404  9.5481261  23.44048886
 11.4795668  36.80632217 29.05718985 29.96689777 49.34510608 32.25288734
 45.41228431 28.92221582 22.81312214 35.14306136]
[ 0.         13.9278969  31.92355873 18.33318979 11.97159547 12.78828706
 54.19184684 20.09324006 18.42177521 42.4126031   5.63558622  7.77032522
  8.48709856 30.26563054  6.88973018 18.30824667 30.70874628 42.31012122
  8.44661932 20.92189967 33.91556743 15.67788143]
[ 0.         11.63770862 16.29251159 19.96633261 13.60633683 20.91370732
 33.96605709 17.17991193  8.84307741 18.09642025 27.59723946 21.20125039
 12.88839695 12.92159456  9.15412333 22.0879832  62.78662745 27.20952484
 39.81232543 24.05387158  2.71454195 32.92074887]
[ 0.         11.11038442  6.03214008 32.41717807 17.8645071  14.36400585
 23.12769785 30.35326569 18.84482619 47.07249199 38.50530654 14.99631001
 14.72532214 14.06461823 32.32365236 26.26414423 26.85026559 15.31852395
 19.3296405  28.90739936  7.35878088 14.7698652 ]
[ 0.         49.26226799 12.56523808 47.05185814  3.82403347 20.73265661
 31.08038195 18.42487574 19.87600946 17.28928645 17.62306199 26.93416789
 35.3214043   8.7847494  23.71907625 38.56089706 16.13396895 23.21644228
 59.30142332 30.72548281  6.18179731 10.03808787]
[ 0.          5.65076968 29.51167793 19.51785383 28.65135707 34.37229009
  2.35389762 27.10751571 29.53102731  7.2177049  21.29131729 51.92619537
 25.31730558 32.71710803 24.59167774 16.88816586 18.2159737  30.11710873
 57.3550247  59.40680538  1.33070733 15.58286309]
[ 0.         20.5082736  31.13638682 21.17833667 32.40924769 21.63067965
 20.83571933 31.67025731 27.11489004 42.29189123  6.96394845 20.31939507
 50.54936623 12.085568   20.62077031 21.2429706   8.04127502 44.84840983
 19.94056775 30.43220311 14.57912761 29.92875009]
[ 0.         26.78423413 42.60878461 25.31730558 24.36063337 61.20833778
 25.0883901  30.09813612 35.22667069 36.57981479  2.15101883 44.22313777
 22.45729587 34.07184183 10.27708996 33.73825861 54.71060155 27.37278345
 25.26196714 58.15613895 18.53306737 36.36367938]
[ 0.         27.53818571 19.45776493  3.34602929 26.66882116 32.10911051
 13.28129271 38.41693785 19.63748003 20.98187918 16.99437648 15.26061578
 40.79241329 26.546452    6.22782771 12.59021644 12.52881702 21.55926052
 29.1846902  14.95053129 10.97589623  9.0820795 ]
[ 0.         31.11436414 25.83324072 41.01027976 31.56547237 31.84114285
 21.32214806 18.89023912 10.4834502  40.553662   44.55129778 59.02335585
 19.55002051  8.58746191 17.82609565 30.29581318 28.48339457 30.35514754
 39.6851441  44.59358907 14.49661471 32.4937386 ]
[ 0.         13.7628686  50.22684549 35.42797914 15.58286309  5.51261317
 13.01190255 17.33877406 41.52106793 35.26556655 29.1631524  15.81933886
 41.47977534 17.17991193 26.68702112 32.14644774 32.03698013  8.95540552
 34.00135524 44.90950429 25.70022735 30.99295972]
[ 0.         11.57865856 43.24353031 36.20940853 18.31292609 19.0168184
 42.16812467 12.78828706 22.92552119 13.89299241 46.17381864 32.14822462
 20.33485082 56.33913537 13.85593887 15.9057643  24.22778719 34.99646842
 12.64680197 27.77673224 15.38549863 34.15723715]
[ 0.         24.87918793 20.48597896 39.96483757 32.14644774 18.52381856
 12.80168028 19.95774802 58.40460044 31.72792155 28.56749926 21.89316565
 40.36518213 57.90513171 46.21647916 72.01581594 22.86939072 24.01822387
 24.02892374  6.03214008  5.91741379  7.81430854]
[ 0.         16.35724451 32.47527499 52.75778326 24.54052253 39.18103814
  5.18695113 39.97769926 23.18689854 35.28742663 15.72154235 18.18301779
 16.13396895  7.69274931  7.74823993 11.24072346 58.96526008 24.68557263
 30.10667527 26.24782738 17.85971019 43.40109529]
[ 0.         15.95954254 45.29515288 48.64088936 21.52611586 28.80049586
  6.43088859 37.42882646 11.02263553 27.27871504 11.02522635  6.2094565
  8.70637089 14.34211707 24.08946654 69.0716046   5.27431645 22.44711924
 35.60168617 16.47728333 59.24504649 17.84531171]
[ 0.         41.65292914 28.88565481 21.17833667 28.57949401 27.17381265
 19.7679438  13.24899641 29.66804507 14.84124092 35.37473186  1.95631644
 28.07333671 18.43107523 14.23818731 24.98343639 28.42919587 25.29021617
 25.67020436 48.19078783 13.26623089 23.02000856]
[ 0.         41.45635794 50.61937923 30.52965237  8.5541383  16.51191406
 17.14996146 15.24563603 20.15001677  8.31026462 44.44860643 32.70139083
  6.66211633  9.76404721 18.95363443 51.18607989 12.34278631 19.72455176
 10.35185355 33.14554911 43.73999481 12.06428017]
[ 0.         41.6117674  25.39165245 37.31878189 14.41759196 13.9278969
  4.83351818 30.86830222 26.33256459 28.01222794 13.26623089 21.09320407
 21.12567599 29.70460459 14.28624884 41.69610524 19.42691571 21.53805381
 36.90164438 38.09891261  9.73475208 18.7521474 ]
[ 0.         10.82655735  2.4952551   8.29306264 28.95478534 22.35532102
 23.2201326  25.31279269 49.82262169  7.88706904  8.05901446 41.72897133
  3.84637466 28.64736941 11.18723835  7.36266107  5.2417251  33.09898545
 14.91035962 41.74881538 25.07586441 12.15625822]
[ 0.         44.01857974 14.95053129 28.56749926 11.24072346 17.68453986
  7.8979253  17.51903268 18.2159737  15.31852395 17.72970293  9.22250823
 27.94485394 26.483977   21.57382803 18.18301779 43.78306976  2.35389762
 15.81211542  9.07893419 23.01256313  5.40271617]
[ 0.         18.95363443 37.54767745 52.24697251  5.41327867 24.40982552
 11.07949358 15.49647986  9.92074624 13.91763996 22.81312214 13.78774876
 43.69295552 37.34173459 12.11389359 17.23468596 27.59102923 16.53956644
 31.42036801  6.14472473 30.89234944 33.62293119]
[ 0.         14.42551372 34.95318778 13.5052044  18.48677706 27.94485394
 41.96443897 19.0168184  19.7679438  25.99415584 17.00277748 31.06751413
  6.73036002 21.51417128 37.3050035   7.59184418 16.76595843 11.53912397
 13.86830105 12.64680197 28.24980464  8.61402798]
[ 0.         37.23833605 19.66364203  8.26891976  8.9967702  16.03452905
  5.40271617 10.07217315  3.71031023  7.92319872  7.17006276 36.43586697
 13.9586225  20.75743833  2.08357193 17.13996634 16.59129043 29.92111472
 23.82720206 10.80543234  6.64064635 24.07523487]
[ 0.         27.67784569  2.08357193 43.11255917 30.92930866 11.73789862
  6.43088859 16.59129043 44.49356306 20.78493892 11.97636598  9.52116663
 37.25060569 18.00147511 10.3931565  18.47750508 23.03737186  9.96096953
 12.29641956 11.71110251 22.35404339  8.93944506]
[ 0.         33.23848074 12.98773521 24.05268417 52.26828765 15.97385282
 24.1746806  17.2991953  16.73014644 24.86196215 18.29107854  7.40906485
  5.28513557 14.83546649 20.4329317   4.78004184 33.31058165 29.40697125
 26.7030696   9.66703636 17.40125633 18.95815455]
[ 0.         12.29641956  5.47622589  7.00484104 20.86448566 26.65275205
 15.72154235 25.22236535 11.11809372 26.63667325 18.42487574 17.6424992
 21.0362576  18.09642025 19.50907189  3.94896265  9.70242526 25.5195596
 14.28224989 27.33832928 20.08044317 11.07949358]
[ 0.         27.17801652 29.74015884 21.04440225  3.91263287 21.51151603
 13.06666208  5.86894931 21.83045684  2.89774637 21.11756269 10.15969753
 23.71666785 12.11389359 15.15544661 35.07798458 14.87007942 13.9586225
  7.46283793 23.71907625 23.21275137  5.17592678]
[ 0.          2.4837826  15.21563229 36.29449603 13.27914207 30.29581318
 14.15570472 22.82939176 22.40509174 25.88625469  6.74307882 28.94590638
  6.18179731 15.33343249 20.20804736 10.58916833 13.26192437 15.6560053
  4.99051019  8.49718824  6.98033423 16.99437648]
[ 0.         21.31142937  8.9967702  17.95063236 32.38720868 34.36231747
  9.76404721  8.4567573   6.41755109 26.483977   11.39967324  2.71454195
 12.59021644 23.45754092 28.90739936 22.65230509  6.09806707 29.85230849
 16.70793865 24.23132349  1.67301464  8.37189907]
[ 0.         19.72744753 33.95260052 17.01453191 20.55001085 27.92133693
 10.03808787 28.72900587 15.9111503  21.06881729 19.61128313 26.12348625
 14.08288266  9.8774681  33.88439464 15.65053149  9.31495131 22.15512009
  6.2507158  21.73342628  8.22042128 28.1586662 ]
[ 0.          9.70242526 13.51788733 40.35952121 22.19376052 10.11461823
 25.87963388 22.50684109 10.92372913 13.69421506 14.19801176 24.80100192
 23.65154849 13.61263266 20.19673741 21.67025524 13.58112433 22.27084026
 25.78676409 15.06282125  8.07317794 19.79393336]
[ 0.         24.72718925 24.64504465  9.71125234 25.80005167 23.07948548
  9.56904206 27.80139892 25.88625469 21.54335744 20.49991595  1.33070733
  6.47073613 12.46711522 14.49070295 28.1535943   7.46283793 17.59711232
 12.15625822 13.64406823  3.56906234 15.05333764]
[ 0.         57.49826079 40.24258717 52.25845097  3.28573553 20.93281782
 26.70093036 18.84482619 12.20549778  5.20892983 19.64911189 17.42749764
 17.96017634  9.68179746 15.1214869  27.69641381 16.20462385 35.05354963
 45.29893604  7.81430854  1.65585507 20.83023552]
[ 0.          8.31026462 26.546452   35.15524985  6.2507158  51.86345397
 22.60307873 29.1846902  15.34646559 16.07722146  9.48510148 12.42121258
  7.13812468  6.45305649 23.45510567  7.66671625 10.03808787 16.18875338
  8.61402798 21.96089811 23.20044409  9.53315803]
[ 0.         12.91275021 14.16578928 47.21425685 15.13281527 14.41362945
 10.78691402 20.58611469 26.94582977 12.07138029  8.44661932  5.33890232
 24.48109524 10.31038515 11.06401582 17.70552275  6.33693664 23.5498938
 23.43317704 22.23618744  6.95574108 29.40697125]
[ 0.         25.57657413 19.66364203 46.36825377 51.17491899 10.65370424
 17.66191502 22.77553253 26.16827346 25.8950798  21.9920889   2.69341679
 21.9920889   4.5598693   9.93800473 24.28077762 19.09176477 16.79999411
 14.70785552  7.66671625 14.06461823 33.15416484]
[ 0.         15.40219679 31.68107735 14.64753331 18.45275703 22.53727632
  9.72888246 24.26665815 23.85355827  6.00366405  8.13660851 18.48677706
 15.58286309 14.32218915  6.2507158   8.11552007 18.51919242 15.77413807
 15.73062313 10.89230894 42.28378649  8.60407531]
[ 0.         26.99348499 21.01452312 63.42207718 21.08507828 41.20759267
 14.91035962 17.00277748 15.31852395 17.50924824 19.80547333 24.1746806
  6.20025048 12.68513595  5.85920831 15.96848797 25.11342275 16.27321701
 31.53469356 12.76145846 12.86843728 17.50924824]

======================================================
End Time   : Thu Aug 21 01:45:56 PM EDT 2025
======================================================
