======================================================
Start Time  : Wed Sep 17 11:05:43 AM EDT 2025
Submit Dir  : /users/hwest10/ICU-simulator
Job ID/Name : 6962745 / my-first-cluster-run
Node List   : str-c17
Num Tasks   : 25 total [1 nodes @ 25 CPUs/node]
Num GPUs    :  
======================================================

Resources:-----------------
Budget:  26000000.0 
HCP salary:  300000.0 
Bed cost:  125000.0 
\% Constant costs:  0.35 
\% Nursing staff costs:  0.27
Rates:-----------------
Lambda:  3.75 
mu (baseline):  0.29411764705882354 
mu (COVID):  0.125 
\Reneging:  0.05 
\HCP infection rate per patient:  0.008 
HCP recovery:  0.11764705882352941
Proportions:-----------------
\% Critical condition:  0.00102 
Coverage ratio (HCP:Patients):  0.10526315789473684
SEIR Parameters:-----------------
beta:  3.3e-06 
gamma:  0.1923076923076923 
alpha:  0.125 
Population size:  100000
Total sample paths per scenario:  25
Mortality averages [[417.96, 441.28, 466.88, 501.32, 549.12, 576.16, 588.16, 628.12, 656.0, 692.4, 726.88, 750.68, 784.56, 812.88], [569.16, 606.04, 623.08, 643.8, 642.48, 655.48, 661.88, 667.28, 667.52, 661.76, 670.4, 672.44, 687.32, 689.48, 680.88, 689.68], [571.92, 578.2, 597.56, 607.56, 604.8, 618.56, 623.44, 621.52, 637.12, 635.08, 641.2, 631.2], [623.52, 616.16, 617.96, 609.24, 597.88, 589.48], [611.24, 613.4, 613.44, 613.6, 610.48, 607.76, 609.32], [613.24, 609.44, 616.72, 615.36], [608.92, 613.6, 612.76, 613.76]]
Mortality standard deviations [[27.019222786749435, 17.59436273355759, 24.18482168633873, 39.34434648078425, 30.661141531260704, 32.437854429662885, 28.696592132167886, 25.194158053009037, 29.67962263911049, 37.16665171898055, 22.617373852859224, 29.289889040418025, 31.625407507255932, 32.19604944709832], [27.92658948027847, 26.043778527702163, 25.524764445534068, 30.301155093494373, 30.893520356217095, 21.797467742836552, 29.294805000204388, 29.090919545452667, 27.9515580961062, 30.34637375371232, 26.770132610803405, 28.659490574677005, 32.052107575009785, 28.02872811955619, 27.983309311087567, 23.663845841282857], [27.965578842570018, 24.57152823900052, 35.493188078841264, 21.264204664176837, 25.059928172283332, 25.78694243216904, 19.301979173131443, 20.43745581034978, 28.154317608494797, 31.878419032317147, 28.20780033962237, 23.339237348293967], [19.239792098668843, 25.47262059545503, 30.206595306323422, 27.03372708303463, 27.798302106423694, 33.62037477482962], [22.033211295678168, 25.32824510304652, 25.452826954976928, 28.45206495142312, 18.629267296380714, 40.97343529654305, 22.49394585216209], [28.000399997142896, 32.58352958167669, 20.660145207621362, 24.894786602821082], [27.32166905589774, 20.711349545599386, 28.479157290903114, 30.809453094788946]]
Mortality averages [[580.76, 617.88, 666.16, 736.96, 832.48, 934.24, 1064.12, 1235.48, 1387.76, 1577.68, 1757.84, 1937.28, 2069.68, 2250.24], [864.36, 1061.44, 1280.68, 1411.76, 1487.88, 1562.32, 1612.88, 1652.4, 1675.4, 1689.64, 1720.8, 1760.16, 1774.96, 1778.64, 1778.36, 1795.8], [1056.16, 1075.04, 1114.08, 1139.64, 1134.44, 1146.72, 1176.6, 1192.2, 1195.68, 1199.96, 1216.68, 1206.36], [1162.56, 1147.76, 1142.0, 1158.72, 1170.6, 1130.56], [1150.6, 1158.56, 1155.4, 1156.2, 1143.6, 1152.36, 1151.36], [1153.96, 1153.36, 1163.44, 1147.6], [1131.12, 1150.96, 1163.64, 1142.76]]
Mortality standard deviations [[31.967833833401972, 22.174435731264957, 34.2551368410637, 43.00928271896661, 42.76084190003747, 46.53624823726124, 57.01811641925749, 56.606798178310704, 49.95380265805597, 47.50976320715564, 49.26879742798681, 68.02853518928657, 70.92797473493798, 72.76608000985075], [46.80075213070833, 57.59102707887749, 56.375682700966024, 43.71844462009142, 61.107328529399815, 40.1574102750663, 54.19101032459166, 45.440070422480645, 51.8196873784472, 49.21859811087675, 48.33466664827637, 38.42153562782206, 56.669201511932386, 52.91039973388974, 55.881932679534266, 51.516211040797636], [58.114838036425766, 53.75461282531946, 43.877028158251555, 37.97776191404649, 53.556011800730644, 49.917147354391155, 47.14064064053436, 50.15416233973009, 61.87453110933448, 55.22208253950588, 51.51288770783482, 54.791152570465236], [49.35591555224156, 46.27420879928689, 48.72371086031933, 48.70525228350634, 55.092649237443645, 37.015758806216574], [51.25231702079428, 52.74169508083713, 39.82160217771254, 62.52103645973889, 55.147801406765076, 73.21577971994834, 47.36739807082504], [48.46068922332822, 41.47373144533778, 53.96375079625211, 48.91625496703524], [54.33181020359988, 45.82006547354554, 50.952432719154835, 43.122411806391355]]
General Rural averages
 544.04 
 37.24887112383408 
 609.36 
 29.034985793004964 
 1153.4 
 54.83283687718519

======================================================
End Time   : Wed Sep 17 11:27:54 AM EDT 2025
======================================================
