======================================================
Start Time  : Mon Mar  9 12:11:13 PM EDT 2026
Submit Dir  : /users/hwest10/ICU-simulator/manuscript
Job ID/Name : 10232151 / Low_Resource_Scenario_C
Node List   : str-c200
Num Tasks   : 1 total [1 nodes @ 1 CPUs/node]
Num GPUs    :  
======================================================

Scenario LC
Job ID:  199823

Resources:-----------------
Budget:  5000000.0 
HCP salary:  200000.0 
Bed cost:  100000.0 
\% Constant costs:  0.32 
\% Nursing staff costs:  0.28

Rates:-----------------
Lambda:  2.0 
mu (baseline):  0.29411764705882354 
mu (COVID):  0.125 
Reneging:  0.12 
HCP infection rate per patient:  0.008 
HCP recovery:  0.2

Proportions:-----------------
\% Critical condition:  0.00112 
Coverage ratio (HCP:Patients):  0.1075268817204301

SEIR Parameters:-----------------
beta:  0.656 
gamma:  0.3333333333333333 
alpha:  0.2 
Population size:  28818

Total sample paths per scenario:  200
Budget =  1999999.9999999995 , HCP salary =  200000.0 , Bed cost =  100000.0 , max HCP =  9 , max beds =  19
--- 5935.168555021286 seconds ---

======================================================
End Time   : Mon Mar  9 01:50:08 PM EDT 2026
======================================================
