======================================================
Start Time  : Tue Sep 16 11:22:13 AM EDT 2025
Submit Dir  : /users/hwest10/ICU-simulator
Job ID/Name : 6941440 / my-first-cluster-run
Node List   : str-c24
Num Tasks   : 25 total [1 nodes @ 25 CPUs/node]
Num GPUs    :  
======================================================

Resources:-----------------
Budget:  2600000.0 
HCP salary:  300000.0 
Bed cost:  125000.0 
\% Constant costs:  0.35 
\% Nursing staff costs:  0.27
Rates:-----------------
Lambda:  9.5 
mu (baseline):  0.29411764705882354 
mu (COVID):  0.125 
\Reneging:  0.05 
\HCP infection rate per patient:  0.008 
HCP recovery:  0.11764705882352941
Proportions:-----------------
\% Critical condition:  0.00102 
Coverage ratio (HCP:Patients):  0.10526315789473684
SEIR Parameters:-----------------
beta:  3.3e-06 
gamma:  0.1923076923076923 
alpha:  0.125 
Population size:  100000
Total sample paths per scenario:  25
Mortality averages [[216.04, 252.96, 287.64, 321.56, 346.96, 383.28, 425.2, 469.68, 500.92, 537.88, 594.24, 638.56], [285.56, 378.84, 436.44, 487.28, 517.84, 533.24, 547.32, 567.16, 583.8, 576.56, 590.12, 603.0, 608.68, 613.72, 610.28, 609.4], [324.08, 365.88, 375.96, 389.76, 406.16, 426.0, 430.16, 423.88, 443.8, 437.4, 452.72, 442.92], [416.48, 414.52, 410.84, 397.04, 372.36, 351.04], [410.44, 409.84, 410.32, 411.76, 405.12, 412.36, 406.16], [405.76, 396.4, 418.16, 414.04], [412.24, 405.8, 404.0, 408.2]]
Mortality standard deviations [[22.382993544206727, 21.119621208724364, 21.146876837963568, 22.50169771372818, 26.283804899595495, 27.0207623874679, 26.06913884270058, 23.719561547381097, 30.422255011750856, 32.19977639673915, 28.578705359060617, 32.71584325674642], [26.480302113080207, 21.065004153809227, 26.049307092512077, 29.775855991054225, 33.45645528145503, 32.339795917723414, 28.583519727283413, 34.25513684106371, 27.647784721384095, 28.261747999725706, 28.522720767836997, 24.91425294886443, 37.054252117672, 30.229151493219256, 21.933572440439335, 30.61241578183597], [28.415376119277397, 33.2015903233565, 24.354843460798513, 22.16173278423869, 33.65552554930616, 22.976509743649054, 18.829083886371105, 27.65258758235836, 23.691348631937355, 26.308933843848557, 21.904373992424436, 22.43019393585352], [16.890518050077684, 28.537862568875056, 28.173292317370365, 21.876891918186185, 31.61629959372222, 24.027450967591214], [25.8643847790741, 24.74619970823803, 25.85299982593896, 22.730208973962384, 26.51085815283994, 18.32567597661816, 32.687220744505034], [20.852395545835975, 20.65332902948094, 24.763973832969537, 29.042699599038652], [24.148341557962112, 29.82750408599419, 26.063000594712804, 32.481379281058864]]
Mortality averages [[414.2, 481.16, 566.6, 650.48, 738.64, 859.12, 1030.24, 1297.28, 1577.84, 1944.64, 2336.12, 2666.08], [560.0, 812.36, 1214.08, 1701.36, 2075.32, 2317.8, 2509.68, 2658.8, 2800.6, 2870.04, 2956.32, 3050.56, 3086.04, 3140.84, 3183.28, 3199.92], [722.68, 824.92, 868.04, 888.0, 921.88, 972.68, 996.68, 992.36, 1042.64, 1030.12, 1035.72, 1048.12], [949.28, 938.04, 933.52, 934.04, 904.76, 862.92], [931.08, 933.16, 937.32, 942.32, 924.72, 935.72, 945.84], [939.32, 921.6, 960.6, 960.52], [949.48, 942.08, 935.12, 948.64]]
Mortality standard deviations [[38.48012473992256, 33.21045618476205, 35.471678843832585, 43.66794705501966, 53.792847108142546, 65.46957766779926, 58.84507116148301, 87.37986953526539, 106.51335315348963, 118.95810354910674, 99.12187246011851, 84.32172673753782], [50.61620293937506, 54.82983129647583, 79.55120112229606, 72.6954634072856, 85.78191884074405, 74.47254527676625, 66.0198273248272, 67.80619440729586, 70.38920371761567, 64.19500292078816, 71.3496853531955, 58.80617654634588, 72.38424137890789, 68.12968809557255, 75.44349938861532, 65.08635494479623], [57.087105374156074, 56.32755631127628, 73.5926518070928, 49.60564484007843, 74.27048942884382, 58.22007901059565, 64.42590783217571, 55.08893173769119, 78.49477944424075, 79.40343569392951, 59.71902209514151, 57.68488190158666], [53.40975191854012, 54.16381079650877, 68.45385014738032, 39.468954888621006, 65.26087955276117, 54.39405849906771], [61.98962493837175, 68.71313120503241, 50.56221514134839, 56.89338801653492, 45.087044702441965, 49.393538038897354, 86.96145352971051], [61.68612161580593, 43.60183482377777, 46.301619842074636, 63.18615038123465], [52.857635210062135, 62.593878294925936, 54.69429220677419, 63.782681034901636]]

======================================================
End Time   : Tue Sep 16 12:10:40 PM EDT 2025
======================================================
