======================================================
Start Time  : Wed Aug 20 02:45:51 PM EDT 2025
Submit Dir  : /users/hwest10/ICU-simulator
Job ID/Name : 6014438 / my-first-cluster-run
Node List   : str-c201
Num Tasks   : 5 total [1 nodes @ 5 CPUs/node]
Num GPUs    :  
======================================================

Mortality Averages [[   0.        0.        0.        0.        0.        0.        0.
     0.        0.        0.        0.        0.        0.        0.
     0.        0.        0.        0.        0.        0.        0.
     0.    ]
 [   0.     1576.5672 1563.081  1559.1264 1558.1124 1576.8714 1573.221
  1536.0072 1547.7696 1550.7102 1564.095  1578.0882 1548.4794 1552.941
  1534.7904 1561.4586 1564.2978 1575.8574 1530.126  1543.0038 1555.0704
  1564.3992]
 [   0.     1500.9228 1496.7654 1506.804  1504.6746 1491.7968 1488.6534
  1525.4616 1487.1324 1525.4616 1514.8146 1497.171  1519.6818 1515.6258
  1500.8214 1511.7726 1511.874  1499.4018 1506.297  1513.8006 1517.958
  1509.7446]
 [   0.     1471.1112 1475.877  1458.9432 1473.342  1483.7862 1476.891
  1489.9716 1467.5622 1473.2406 1461.2754 1446.8766 1462.188  1464.5202
  1443.0234 1452.6564 1464.723  1475.0658 1479.7302 1466.4468 1470.9084
  1451.9466]
 [   0.     1399.827  1418.4846 1417.065  1433.5932 1410.7782 1427.1036
  1435.317  1402.1592 1412.502  1413.4146 1400.2326 1419.1944 1404.7956
  1423.2504 1396.8864 1387.8618 1434.303  1410.1698 1400.4354 1411.1838
  1442.2122]
 [   0.     1367.6832 1360.0782 1344.2598 1364.7426 1374.5784 1384.7184
  1371.6378 1407.5334 1400.5368 1355.211  1356.1236 1368.2916 1406.418
  1366.6692 1372.2462 1383.7044 1396.6836 1363.4244 1349.8368 1341.1164
  1355.1096]
 [   0.     1315.4622 1320.4308 1321.242  1309.9866 1300.8606 1322.9658
  1332.4974 1324.9938 1290.0108 1302.0774 1327.326  1320.3294 1314.3468
  1335.2352 1301.1648 1320.9378 1328.9484 1321.4448 1336.452  1323.27
  1308.6684]
 [   0.     1283.6226 1264.7622 1259.0838 1255.7376 1271.2518 1278.7554
  1300.7592 1256.0418 1260.8076 1264.965  1281.696  1271.049  1285.8534
  1269.4266 1270.8462 1280.3778 1289.6052 1277.133  1281.189  1282.9128
  1266.486 ]
 [   0.     1255.2306 1224.8106 1226.5344 1234.545  1209.195  1250.3634
  1216.293  1217.2056 1224.6078 1219.0308 1248.6396 1236.3702 1230.1848
  1225.1148 1240.629  1209.4992 1235.559  1267.9056 1224.6078 1214.5692
  1214.5692]
 [   0.     1182.0198 1171.4742 1179.5862 1190.2332 1201.8942 1179.282
  1167.0126 1166.5056 1167.8238 1173.2994 1192.6668 1162.044  1154.1348
  1177.1526 1163.6664 1191.1458 1147.9494 1163.4636 1177.3554 1190.6388
  1162.9566]
 [   0.     1225.0134 1135.2744 1112.9664 1133.5506 1139.229  1141.3584
  1119.963  1111.7496 1133.0436 1122.5994 1143.3864 1142.0682 1146.1242
  1105.8684 1123.8162 1157.3796 1135.3758 1131.4212 1108.302  1128.582
  1132.0296]
 [   0.     1215.6846 1092.3822 1075.7526 1090.6584 1078.1862 1094.7144
  1095.12   1108.809  1084.473  1084.7772 1110.33   1073.1162 1079.5044
  1101.4068 1088.7318 1067.9448 1083.966  1074.2316 1094.7144 1089.7458
  1078.4904]
 [   0.     1195.2018 1068.4518 1020.084  1029.8184 1016.535  1024.2414
  1045.2312 1054.6614 1036.5108 1056.588  1029.5142 1034.787  1028.196
  1017.4476 1052.3292 1031.8464 1022.4162 1012.3776 1008.6258  999.9054
  1025.4582]
 [   0.     1176.5442 1015.2168  990.2724  970.4994  976.989   985.608
   994.4298  964.2126  984.087   976.6848  989.5626  976.482   981.6534
   980.3352  995.748   983.58    987.9402  977.1918 1029.4128  977.8002
  1005.1782]
 [   0.     1208.688   963.0972  946.9746  942.4116  905.2992  929.6352
   937.2402  912.6     916.0476  938.7612  959.751   923.0442  955.4922
   938.457   936.7332  956.202   917.8728  943.2228  929.0268  916.4532
   922.4358]
 [   0.     1208.8908  900.5334  894.1452  904.3866  877.8198  893.7396
   864.3336  874.3722  893.0298  887.757   900.432   888.4668  909.2538
   910.065   896.0718  910.3692  889.3794  900.8376  865.956   909.1524
   871.3302]
 [   0.     1217.1042  884.1066  833.001   848.4138  827.2212  859.2636
   836.2458  825.903   839.2878  825.396   827.2212  834.8262  844.9662
   826.917   840.4032  842.5326  803.3922  851.4558  864.1308  859.1622
   841.113 ]
 [   0.     1218.9294  815.3574  830.8716  769.0176  764.8602  793.5564
   796.9026  790.1088  779.259   804.3048  786.1542  810.7944  740.727
   786.7626  804.8118  783.9234  801.7698  797.3082  830.7702  791.7312
   781.8954]
 [   0.     1213.6566  777.5352  775.71    754.3146  749.6502  757.6608
   733.4262  737.8878  722.2722  762.9336  740.22    725.6184  732.4122
   761.8182  736.8738  732.9192  749.5488  715.7826  717.3036  723.3876
   754.6188]
 [   0.     1178.3694  761.514   687.6948  708.786   692.7648  679.9884
   685.3626  672.0792  693.3732  703.0062  722.7792  719.1288  696.9222
   686.985   720.0414  721.6638  687.2892  708.1776  687.999   700.0656
   688.8102]
 [   0.     1187.6982  775.3044  685.971   660.114   650.3796  648.453
   644.1942  623.103   666.6036  623.61    667.4148  630.4038  629.2884
   660.8238  672.3834  660.5196  640.341   632.229   622.089   636.4878
   618.8442]
 [   0.     1192.1598  758.0664  667.719   633.3444  618.54    622.4946
   618.1344  631.722   577.1688  616.7148  595.0152  618.4386  600.3894
   611.949   627.8688  619.9596  601.7076  643.4844  597.246   599.781
   618.2358]
 [   0.     1187.4954  749.0418  638.9214  583.3542  589.4382  555.165
   577.473   558.3084  583.9626  584.7738  566.0148  576.459   559.1196
   585.4836  554.0496  558.9168  540.7662  573.8226  573.7212  577.1688
   581.6304]
 [   0.     1187.2926  758.6748  578.3856  531.843   536.8116  514.4022
   543.6054  534.1752  537.7242  538.8396  538.6368  532.0458  533.4654
   498.381   521.9058  516.9372  522.5142  534.885   509.028   545.9376
   539.8536]
 [   0.     1192.971   744.5802  572.0988  527.787   518.7624  510.9546
   500.2062  481.0416  494.0208  492.0942  482.2584  512.6784  506.493
   502.5384  524.238   495.6432  509.3322  489.3564  493.311   518.0526
   508.4196]
 [   0.     1212.1356  762.9336  535.2906  513.1854  489.6606  486.4158
   467.0484  489.1536  491.5872  474.1464  461.6742  482.157   483.678
   481.9542  478.101   475.1604  481.9542  477.2898  483.0696  465.933
   462.5868]
 [   0.     1192.7682  766.2798  549.7908  473.4366  465.426   453.1566
   456.7056  468.3666  430.6458  468.0624  444.4362  459.6462  448.695
   420.81    437.6424  433.3836  458.2266  442.7124  443.5236  461.7756
   458.7336]
 [   0.     1190.7402  772.9722  536.3046  496.5558  462.9924  424.2576
   448.2894  425.5758  420.303   415.3344  433.992   409.9602  432.8766
   444.9432  452.244   445.9572  430.3416  438.9606  409.7574  435.006
   424.9674]
 [   0.     1193.985   743.4648  501.8286  469.5834  429.5304  432.0654
   430.443   414.6246  427.7052  405.1944  406.4112  412.4952  425.7786
   407.121   428.5164  426.894   410.7714  422.4324  413.712   425.2716
   397.1838]
 [   0.     1164.4776  741.234   536.6088  477.1884  441.3942  395.5614
   393.2292  420.7086  423.852   391.2012  407.2224  400.2258  381.1626
   426.387   408.0336  407.121   405.4986  406.3098  405.3972  407.4252
   399.1104]
 [   0.     1200.1704  734.7444  523.3254  456.4014  419.0862  378.9318
   396.2712  401.4426  396.1698  401.4426  392.2152  402.051   398.502
   400.9356  393.432   394.953   401.8482  382.4808  386.9424  390.39
   410.5686]
 [   0.     1216.1916  754.416   485.4018  445.4502  412.3938  392.8236
   393.7362  380.5542  381.771   384.5088  377.208   347.7006  392.1138
   388.362   362.0994  378.3234  365.9526  391.7082  386.7396  384.306
   372.645 ]
 [   0.     1201.2858  785.0388  485.4018  432.0654  426.4884  395.2572
   379.9458  370.3128  371.2254  349.0188  373.3548  378.9318  382.4808
   365.547   364.2288  376.3968  361.5924  362.8092  354.4944  381.264
   374.5716]
 [   0.     1217.2056  783.0108  535.899   430.1388  394.3446  383.9004
   362.505   353.7846  372.7464  364.1274  353.9874  354.393   361.7952
   353.4804  349.6272  363.9246  357.2322  357.6378  348.7146  334.5186
   353.4804]
 [   0.     1209.9048  749.853   531.7416  432.6738  387.1452  385.6242
   361.491   346.8894  358.449   353.2776  347.802   331.4766  356.6238
   352.7706  337.9662  370.7184  359.8686  351.351   341.9208  336.3438
   348.9174]
 [   0.     1191.2472  767.9022  522.4128  437.1354  415.3344  389.376
   348.7146  332.2878  340.9068  332.4906  322.8576  341.211   328.1304
   350.0328  355.8126  343.746   318.4974  326.4066  340.197   336.8508
   340.6026]
 [   0.     1185.1632  747.5208  539.5494  461.37    387.1452  342.4278
   341.8194  332.6934  343.239   311.7036  308.256   318.4974  314.1372
   317.382   325.2912  309.27    351.1482  326.6094  331.1724  318.0918
   335.9382]
 [   0.     1225.5204  760.8042  494.832   429.5304  378.1206  340.3998
   349.5258  331.7808  313.833   318.0918  299.637   311.3994  301.5636
   314.9484  323.3646  315.2526  314.7456  326.3052  301.5636  317.9904
   326.7108]
 [   0.     1178.8764  778.4478  498.2796  455.3874  397.995   347.802
   354.5958  320.5254  317.9904  303.2874  297.2034  330.564   295.581
   318.1932  303.7944  317.2806  304.4028  307.6476  316.5708  304.9098
   312.819 ]
 [   0.     1212.8454  777.738   506.5944  429.8346  361.491   343.746
   312.0078  296.4936  283.92    309.777   310.5882  298.9272  282.5004
   304.707   279.5598  304.2     307.0392  294.3642  298.5216  306.8364
   305.6196]
 [   0.     1169.9532  783.822   501.3216  433.1808  363.8232  348.1062
   316.4694  284.1228  285.8466  293.9586  276.4164  307.9518  293.553
   314.6442  259.6854  288.99    303.8958  288.1788  293.7558  281.2836
   283.3116]
 [   0.     1196.2158  761.2098  534.6822  397.6908  381.0612  341.5152
   303.7944  283.413   287.1648  295.7838  296.3922  289.6998  266.5806
   292.4376  287.6718  283.3116  278.0388  289.6998  275.7066  275.808
   281.892 ]
 [   0.     1200.8802  776.217   536.1018  431.8626  363.7218  343.8474
   293.3502  294.06    274.3884  284.2242  271.0422  276.822   260.3952
   265.7694  272.3604  269.4198  268.5072  280.0668  267.5946  281.385
   271.3464]
 [   0.     1220.349   766.8882  464.2092  433.7892  384.2046  323.973
   285.2382  290.004   265.5666  276.1122  261.3078  286.8606  262.119
   261.3078  268.3044  272.3604  266.9862  259.8882  260.9022  255.6294
   258.7728]
 [   0.     1187.2926  752.5908  495.6432  421.317   375.4842  330.1584
   310.0812  273.6786  262.9302  269.3184  264.147   250.5594  269.6226
   264.9582  289.0914  266.7834  262.626   264.9582  237.0732  256.2378
   257.7588]]
Mortality standard deviations [[ 0.          0.          0.          0.          0.          0.
   0.          0.          0.          0.          0.          0.
   0.          0.          0.          0.          0.          0.
   0.          0.          0.          0.        ]
 [ 0.         32.1577115  40.22910021 34.63578209 47.38473101 29.91454674
  40.18946499 20.72284588 28.05208596 31.96207781 25.20764027 36.90542119
  22.70409176 20.77586775 19.70241401 18.03210201  5.87420273  9.18439981
  21.16565608 33.06572997 27.48557311 19.33153171]
 [ 0.         19.13372592 13.55274634 31.15472715 28.43795495 24.70625098
  42.52687471 29.01953914 36.74179713 19.39207067 12.36664356 32.96825733
  21.99375116 19.71076205 26.63058221 17.34028945 15.33455005 26.84439324
  34.7744348  29.49049516 20.99004493 20.70994156]
 [ 0.         15.84762301 25.43301208 15.6090142  24.82333303 20.62088111
  23.1649626   9.78601939 20.7203649  32.0693431  27.93823028 26.71153931
  35.97771455 25.62953953 37.47467444 20.80652888 42.03760775 25.85123347
  39.52857616 32.85985866 20.95180184  7.98037971]
 [ 0.         21.97597919 15.00377393 24.34444853 27.25868891 23.90245572
  24.46536367 31.28153022 37.92766663 37.67252233 29.20496036 20.98122578
  18.43528969 31.98426689 33.48258094 18.46037059 40.28605538 14.14157424
  36.88312622 23.48761976 35.09465573 43.32830424]
 [ 0.         50.25758814 41.38511531 21.06485855 29.13446285 21.63268655
  21.09851123 17.34088239 48.50100965 45.51109441 39.54859991 31.16363666
  30.960062   26.40881192 21.66403347 29.32652087 35.37450579 33.73802158
  27.23189459  5.66026389 21.78897017 30.66641794]
 [ 0.         22.74978546 26.73116331 16.4536928  19.1358753  39.19788783
  34.59598005 25.83094099 15.78586654  8.88972129 27.9363901  25.26671519
  34.13190876 57.62036598 16.50547825  8.39601797 35.77652963 13.95272843
  23.66902771 26.63560099 20.93609216 11.60310235]
 [ 0.         22.43072515 35.33117088 31.79597457 38.2217478  24.41951171
  22.75159322 13.75680762 39.82529374 25.05503514 24.49812248 26.90637106
  16.74789147 21.8619905  16.7460496  31.30715763 19.75765404 36.18374854
  18.99187081 43.53474115 47.50955221 36.14593556]
 [ 0.         34.6402347  34.13943898 43.469034   10.25594709 23.71329569
  25.55481183 25.50164642 15.77218248 46.38049745 38.43528177 16.47055654
  27.99007367 40.63420762 27.96434783 39.27728705 12.47096335 18.51765012
  18.39341219 38.26503359 24.99381447 26.5478291 ]
 [ 0.         38.00620255 23.83784389 43.59563256 45.58558772 17.27256065
  10.73116732 25.79509177 13.28843035 45.3231912  30.64126132 42.9517282
  34.66931098 11.7624     24.10335802 39.16377281 25.92867595 16.20307275
  19.7831374  29.50618039 30.76717292 39.35234584]
 [ 0.         35.22157864 28.13260722 41.51633513 22.04464918 51.06675548
  20.71242378 17.76960865 15.7526132  28.32746523 47.5396249  27.67755675
  29.30196839 24.4489678  33.41649269 21.51401198 18.32340366 37.25894673
  20.57345779 36.03197315 26.93119861 34.00212803]
 [ 0.         37.47467444 44.74670672 23.29641553 18.59632874 28.2824214
  32.64607606 46.98224316 31.97397821 28.89099363 18.00985036 28.08798303
  42.54524568 26.17691621 30.53571392 10.05650827 34.20893976 34.71080628
  40.73630632 42.25765163 68.09340316 11.71773416]
 [ 0.         21.59510541 23.09517172 43.22661901 23.41088627  8.50189266
  20.89529013 47.68668541 35.19529584 25.25979631 26.2526147  24.04826651
  25.33174142 25.95325027 28.44518519 28.86713928 26.08050578 27.32273756
  26.849755   20.50587809 24.55346091 27.82612585]
 [ 0.         35.57767513 54.76689003 33.21589131 37.00391521 33.57702956
  15.87484928 26.90942799 35.85518912 46.5093404  39.71282811 21.72753809
  30.05103237 25.49035465 38.01837462 37.76792701 30.39971324 36.16953777
  49.91579148 54.19315387 35.25105045 26.51294924]
 [ 0.         20.79812629 68.32930622 25.00779748 30.34961457 16.75587061
  20.20533355 11.07351141 29.07546648 38.83553811 27.29449933 45.76949345
  25.09030257 37.56948683 11.49448503 15.68786138 13.26364715 24.33304232
  48.53830638 12.10276011 27.651912   52.20042061]
 [ 0.         31.49543416 34.40195814 28.90984954 41.01426318 29.97154846
  22.43301697 26.52031659 39.57277094 49.45638823 40.12545472 17.01587475
  39.44003804 40.9065748  28.04035451 33.20691317 23.30126992 27.96765677
  29.17325757 14.3006358  25.56889017 28.70640984]
 [ 0.         27.10359596 20.57795521 28.95498262 28.02311505 29.65598979
  11.80515505 21.67589546 17.84755224 39.88463016 27.83794758 25.95245791
  24.56643898 27.95883207 39.66412358 10.00011715 37.86499215 54.14854943
  14.0342875  11.77550477 46.25396317 32.75863497]
 [ 0.         21.9183553  34.88425281 35.65821506 21.45610582 33.73223066
  25.15333232 21.44891648 20.58095295 51.67123526 30.53403028 28.35322424
  13.64724967 49.22445219 34.0187555  33.93280968 33.57457971 53.22157488
  20.9007022  24.9010819  22.05910331 16.3168953 ]
 [ 0.         25.54676357 23.50118642 50.79826278 19.44501985 32.88957105
  37.62008328 42.90022974 36.04852003 41.36026326 25.78711851 20.70149977
  16.06926082 33.71241211 25.20070518 43.1058544  17.53252623 47.65972593
  31.92957034 26.15726947 45.14794434 20.82184251]
 [ 0.         37.0233604   9.13725972 47.62519552 25.15047076 12.74820222
  43.44655734 30.95840144 29.02343631 32.65741237 15.96075941 23.05729871
  38.70054244 39.04044854 23.62424155 40.36993668 22.95898433 39.07335553
  41.88372385 16.17004152 20.57295801 22.28632674]
 [ 0.         14.79050307 61.99878268 48.6054107  22.11589558 43.07698282
  16.21449096 61.96743075 17.64767884  8.5224272  28.40648202 21.78708253
  44.76049148 34.04292642 25.77355831 26.94532099 22.25354627 18.56478654
  31.47486054 22.40228711 29.46991743 27.97170049]
 [ 0.         36.88870123 18.42413166 20.48179601 17.70119908  9.97644089
  32.84702712 22.0935685  29.52290211  5.90039969 18.03837316 19.05294937
  48.99456612 37.32622011 33.19514502 30.2158389  41.8788138  33.34719031
  26.18084379 25.67042688 32.72094887 27.71876157]
 [ 0.         38.45640954 79.40507039 33.1182397  44.61899581 38.63140389
  21.78330677 32.70994891 23.43502958 21.28772193 49.88076155 49.26057502
  25.04805779 34.09724835 39.90241388 22.56554424 32.95359597 13.90178838
  26.1985106  26.94570258 37.20371389 16.11717833]
 [ 0.         34.9990146  39.12989082 22.51308367 38.10805729 25.26549435
   9.31887516 31.34129491 32.51858635 16.55834368 23.80504029 33.08593588
  38.75231541 12.4329798  27.77508702 20.35237187 30.56936729 25.06775354
  20.76349158 19.8780211  25.37716065 19.50046175]
 [ 0.         23.011322   39.15615849 33.35212324 51.40289954 22.16326594
  23.64468847 11.7973137  14.88336475 14.00128028 27.71319693 19.50573372
  19.29639602  7.14852021 17.91482904 33.39894969  9.71325203 27.16044002
  28.03008547 24.37188604 22.66329698 32.46922368]
 [ 0.         26.35112686 29.55840437 34.69954818 37.63620514 10.39733271
  33.28886482 33.1291041  29.80953054 30.94046166 29.5670994  11.53734173
  24.73203996 18.75762968 17.90104928 30.08522792 12.36248573 22.36002207
  16.86901079 26.3218463  30.21481803 14.43517237]
 [ 0.         28.46903193 24.82457562 29.09420284 23.48761976 28.22674406
  10.3228985  40.25005274 13.38864036 24.45737731 33.85970567 16.17830565
  28.64366038 19.04323316 25.1156972  12.54822439  7.37785174 35.82076097
  19.97708676 20.16662207  8.12086765 17.01406189]
 [ 0.         33.96763788 21.87656532 29.72490455 45.22553676 21.5445771
  11.9866638  15.48932712 15.97363826 17.22308178  9.76498321 24.75281795
  18.857674   20.27340793 12.51211904 16.82445716 31.25785551 34.29269446
  40.53388109 25.21661227 22.53727632 43.58950007]
 [ 0.         38.265571   37.3457728   9.28460837 20.93707436 13.88254509
  22.20497939 24.88538629 20.68013163 20.66322025 41.88740601 15.71732709
  35.69596861 22.29047857 27.73804367 16.14586058 32.67063311 24.98928888
  19.64492521 17.03399281 20.74714374 27.38288179]
 [ 0.         23.31847278 29.31670235 55.04124259 31.60265658 16.29545639
  27.79987844 25.18846212 24.40224234  8.05476056 30.82726772 18.527087
  18.0753855  22.44447255 30.37264314 16.88972167 30.23012744 16.4424407
  18.22268312 19.37403499 43.53899215 32.43120128]
 [ 0.         26.47180957 34.41092329 42.96465299 40.81573578 31.94759837
  29.10127003 30.77719687 15.72648295 23.96260291 11.72650558 21.95163633
  19.84178037 15.11846456 14.49842716 24.32966167 12.26479004 33.55650654
  15.41680211 26.27101603 22.46645091 17.14049956]
 [ 0.         46.17364545 28.38294498 52.35776014 16.58316321 16.58626304
  13.65854612 15.85086668 28.49971425 25.49156472 15.15785863 29.03831158
  13.78219609  9.01605101 22.59423187 27.74063832 20.17936431 27.04054924
   5.29420655  9.88012795 17.38056342 34.46705178]
 [ 0.         25.68364121 38.84506818 32.09690428 33.27774361 42.75233722
  49.7631283  17.48554725 25.35932708 19.33631799  5.16642702  7.57859014
  33.24250191 16.6943945  14.34729379 25.42816031  5.39996653 16.23477018
  10.16329524 14.0445406  27.46237    15.26196324]
 [ 0.         29.57231519 48.41104042 45.59393241 22.33241482 22.77869244
  14.88336475 27.37987771 31.49837215 24.26491618 32.76710837 19.21362776
  21.00962976 16.36157421 24.15236466 17.93547882 34.66842125 14.99074774
  24.55387966 36.00399735 15.95689373 15.1402119 ]
 [ 0.         41.06086547 34.22306333 23.75964503 53.69568042 28.84754261
  30.40241892 27.31596305 20.63035269 13.85511433 17.17645366 20.77091817
  22.00730433 19.22753634 13.6397135  19.6663725  21.13259687  5.2728
  26.50596776 10.08713419 15.2457859  17.43785208]
 [ 0.         26.69844862 55.48127663 28.80652467 29.35420542 12.0337494
  15.50458722 34.52428031  5.05578407 15.3164356  16.42367007 11.97379014
  25.52784019 28.76509081 16.84156016 18.21647543 28.54909752 19.69197399
  12.95541258 23.11831051 14.5592887  15.26196324]
 [ 0.         24.26533992 39.34346134 27.53042679 39.8722542  20.75011703
  19.65329767 12.44537848 24.9563508  16.60918381 23.21240685 22.8228853
  20.01051349 22.85574894 21.13648888 24.58944773 31.11509848 16.87510486
   9.84885834 19.3203591  25.3025003  12.87660231]
 [ 0.         24.10762342 28.34415683 10.00731185 35.39920328 31.25588181
  17.05992848 17.08401933 20.1594829  21.97597919 17.03580356 11.34139849
  19.13856168 31.20320369 23.60987462 12.2244839  13.29616562 34.28219882
  23.60595485 18.41855011 29.76292966 20.24346309]
 [ 0.         21.60177013 28.03595395 16.48615573 24.78478199  9.54992069
  26.4029712  19.48252641 37.60340765 18.73953206 20.96651897 17.12249419
  16.71101534 10.78373625 12.90850277 19.12243775  8.47403143 30.05034807
  14.15756082 29.1083355   8.26643249 17.61560538]
 [ 0.         54.10086747 46.76618128 22.36416022 35.2711705  36.76082157
  21.19720859 26.88458034 24.716237   17.21711087 11.92474347 23.5055611
  14.84254948 15.5224821  19.30598482 19.91316322  7.56093232 14.15102304
  26.47802343 30.18485719 32.33594966 31.98426689]
 [ 0.         28.24058267 30.64394568 32.47555642 18.5109859  11.33051422
  19.65852865 27.9713329  23.10629903 20.20482467  8.03175056 14.67114688
  18.51376295 17.4661316  26.45860028  7.94810432 26.3288766  27.03142189
  18.63830198 23.40254006 18.14578428 21.22968287]
 [ 0.         28.53937181 46.02554824 27.0656336  33.83114925 24.2780485
  13.82762916 18.66255912 24.07476034 24.53083755 15.59913028 29.56049141
  12.94826783 14.64659733 21.57319256 15.50657656  8.3148     24.44686497
  33.02995077 10.27297608 18.42859568  9.21011238]
 [ 0.         17.89530458 36.5349702  25.55923728 37.52950851 26.26162122
  32.60825987 25.19866508 20.33822143 18.73953206 27.40540184 19.41909279
  29.50548344 25.81541244 16.1840245  27.8589926  23.14187046 23.85293564
  14.4458527  11.83125536 20.81048186 12.6380365 ]
 [ 0.         46.22661297 41.55866351 19.27560392 32.43627351 14.0445406
  24.52329179 14.50622602 34.67968946 18.39061696 15.61889186 33.19452553
  19.88164154 15.30098785 14.72082161 17.51140129 10.54949928 10.81040043
  20.85638031 11.6878621  14.11027546 17.75108296]
 [ 0.         24.16726    27.53080027 27.9551543  34.90870807 41.11216701
  21.68490624 35.34862757 10.11665112 11.83212438 26.76153288 12.41477267
  29.0319374  12.70295557 32.77055987 21.74173013 14.3020737  23.83870653
   9.41765294 24.8059303  16.28283208 20.90316177]]

======================================================
End Time   : Wed Aug 20 03:52:20 PM EDT 2025
======================================================
