======================================================
Start Time  : Mon Sep 15 03:56:59 PM EDT 2025
Submit Dir  : /users/hwest10/ICU-simulator
Job ID/Name : 6837114 / my-first-cluster-run
Node List   : str-c97
Num Tasks   : 5 total [1 nodes @ 5 CPUs/node]
Num GPUs    :  
======================================================

Resources:-----------------
Budget:  2600000.0 
HCP salary:  300000.0 
Bed cost:  125000.0 
\% Constant costs:  0.35 
\% Nursing staff costs:  0.27
Rates:-----------------
Lambda:  7 
mu (baseline):  0.29411764705882354 
mu (COVID):  0.125 
\Reneging:  0.05 
\HCP infection rate per patient:  0.008 
HCP recovery:  0.11764705882352941
Proportions:-----------------
\% Critical condition:  0.00102 
Coverage ratio (HCP:Patients):  0.10526315789473684
SEIR Parameters:-----------------
beta:  3.3e-06 
gamma:  0.1923076923076923 
alpha:  0.125 
Population size:  100000
Total sample paths per scenario:  5
Mortality averages [[396.4, 472.2, 503.2, 559.4, 615.8, 659.0, 711.0, 741.2], [296.8, 361.8, 410.2, 461.2, 477.6, 506.4, 525.8, 531.4, 541.0, 556.0, 579.4, 560.2, 579.8, 581.6, 597.4, 593.0], [291.6, 315.2, 327.0, 368.2, 366.0, 383.0, 408.6, 423.0, 403.6, 424.6, 405.2, 418.6], [386.8, 396.0, 385.2, 381.6, 338.6, 337.6], [367.6, 380.0, 359.0, 368.2, 384.4, 376.6, 380.0], [381.2, 381.4, 375.4, 370.4], [375.0, 370.6, 365.4, 383.4]]
Mortality standard deviations [[39.80251248351039, 29.862350878656557, 39.47860179894926, 30.289272028228083, 29.962643408084006, 17.435595774162696, 47.121120529970426, 22.480213522117623], [14.26043477598071, 26.498301832381635, 40.60246297947946, 21.414014102918678, 17.906423428479513, 31.48714023216462, 24.967178454923573, 22.50866499817348, 32.88160580020386, 46.857229965075824, 27.2, 22.058105086339577, 32.756068140117186, 16.475436261295176, 22.75609808381041, 37.815340802378074], [36.5217743271052, 26.41514716975849, 39.86477141537375, 18.214280112043955, 35.077058029430006, 16.601204775557708, 19.71395444856257, 14.656056768449009, 30.70244289954791, 17.692936443677176, 25.553082005895103, 23.5762592452662], [8.657944328765344, 21.45693361130616, 41.58557442190741, 33.5654584357193, 24.1047713119208, 25.413382301456846], [23.130931671681537, 25.25866188063018, 19.110206696946005, 22.40892679268688, 28.7095802825468, 28.21063629200873, 16.161683080669537], [25.277658119374905, 19.764614845728715, 28.883213117657114, 10.983624174196784], [24.503061033266842, 21.85040045399626, 25.33456137374397, 16.402438843050138]]
Mortality averages [[776.0, 921.6, 1071.0, 1307.6, 1669.2, 2057.6, 2381.8, 2675.4], [485.6, 631.4, 765.4, 970.4, 1239.4, 1471.0, 1662.2, 1774.2, 1912.6, 2019.0, 2113.2, 2158.4, 2243.8, 2282.0, 2320.6, 2316.2], [495.2, 539.0, 587.6, 655.8, 673.6, 683.6, 759.0, 763.4, 745.6, 785.6, 736.4, 777.2], [660.8, 664.4, 681.2, 704.8, 626.4, 625.6], [659.6, 661.6, 630.0, 672.2, 696.4, 684.4, 659.8], [670.4, 674.8, 665.0, 663.6], [688.6, 668.8, 642.8, 661.8]]
Mortality standard deviations [[69.75098565611815, 51.31705369562832, 67.92054181173764, 49.31774528503914, 36.76084873884171, 88.24873936776662, 70.51070840659595, 138.7337017454663], [25.20793525856491, 46.517093632341215, 39.25608233127702, 19.865548066942427, 54.52559032234314, 41.626914370392626, 71.24717538260727, 84.40710870536913, 21.804586673450153, 51.92687165620514, 51.17186727099178, 23.644026729810637, 56.569956690808944, 35.77708763999664, 41.495059946938255, 80.96764786011755], [60.39337712034325, 21.651789764358973, 38.275840944386836, 31.205127783747336, 47.119422746888574, 27.57245001808871, 38.72466913996813, 53.0456407256996, 54.3308383885248, 44.61210598032781, 48.069116904723764, 36.722744995438454], [13.422369388450013, 33.82661673889365, 68.91560055604246, 42.451855083140956, 40.7656718330509, 48.21037232795449], [43.463087787224694, 24.335981591051553, 5.656854249492381, 27.367133572955716, 44.98266332710859, 39.205101708833766, 28.166646942793882], [33.73188402683728, 55.34401503324457, 51.71460141971511, 30.728488410593844], [25.239651344660054, 39.886839934996104, 29.566196914720024, 24.489997958350262]]

======================================================
End Time   : Mon Sep 15 04:05:13 PM EDT 2025
======================================================
